MPASM  5.31                      TPFINAL2.ASM   11-9-2018  12:37:41         PAGE  1


LOC  OBJECT CODE     LINE SOURCE TEXT
  VALUE

                      00001 
                      00002                 #INCLUDE<P16F628.INC>
                      00001         LIST
                      00002 ; P16F628.INC  Standard Header File, Version 1.01    Microchip Technology, Inc.
                      00261         LIST
2007   3F10           00003                 __CONFIG 3F10
                      00004                 
                      00005 ;DECLARACION DE ESPACIOS DE MEMORIA A USAR              
                      00006                 CBLOCK  0X20
  00000020            00007                 D1
  00000021            00008                 D2
  00000022            00009                 D3
  00000023            00010                 D4
  00000024            00011                 AUX_W
  00000025            00012                 AUX_STATUS
  00000026            00013                 CONT_AR 
  00000027            00014                 CONT_AR_2
  00000028            00015                 CONTADOR1
                      00016                 ENDC            
                      00017 
                      00018 ;DECLARACION DE CONSTATNES
                      00019 #DEFINE BTN_G1  PORTA,6
                      00020 #DEFINE BTN_G2  PORTA,7
                      00021 #DEFINE BTN_R   PORTA,4
                      00022 #DEFINE BTN_M   PORTB,0
                      00023 
                      00024 #DEFINE PIN_D1  3
                      00025 #DEFINE PIN_D2  2
                      00026 #DEFINE PIN_D3  1
                      00027 #DEFINE PIN_D4  0
                      00028 
                      00029 #DEFINE CTRL_DISPLAY    PORTA
                      00030 #DEFINE APAGAR_DISPLAYS CLRF    PORTA
                      00031 
                      00032 ;DECLARACION DE MACROS
                      00033 
                      00034 MOSTRAR MACRO   DIGITO,PIN
                      00035                 APAGAR_DISPLAYS
                      00036                 MOVF    DIGITO,W
                      00037                 CALL    TAB_DISPLAY
                      00038                 MOVWF   PORTB
                      00039                 BSF             CTRL_DISPLAY,PIN
                      00040                 ENDM
                      00041 
                      00042 SUMAR   MACRO   DIGITO
                      00043                 INCF    DIGITO,1
                      00044                 MOVF    DIGITO,W
                      00045                 XORLW   .17
                      00046                 BTFSC   STATUS,Z
                      00047                 CLRF    DIGITO
                      00048                 INCF    CONTADOR1,1
                      00049                 
                      00050                 ENDM
MPASM  5.31                      TPFINAL2.ASM   11-9-2018  12:37:41         PAGE  2


LOC  OBJECT CODE     LINE SOURCE TEXT
  VALUE

                      00051 
                      00052 RESTA   MACRO   DIGITO
                      00053                 DECF    DIGITO,1
                      00054                 MOVF    DIGITO,W
                      00055                 XORLW   .17
                      00056                 BTFSC   STATUS,Z
                      00057                 CLRF    DIGITO
                      00058                 DECF    CONTADOR1,1
                      00059                 ENDM
                      00060 
                      00061 
                      00062 ;INICIO DEL PROGRAMA            
                      00063                 
                      00064                 ORG             0X00
0000   2???           00065                 GOTO    CONFI
                      00066                 ORG             0X04            
                      00067 
                      00068 ;RUTINA DE INTERRUPCION
                      00069 ;DESBORDA EL TIMER CADA 15ms
                      00070 ;MUESTRA TODOS LOS DIGITOS DE ACUERDO A LAS VARIABLES D1:4
                      00071 
                      00072 ;GUARDA STATUS Y W EN VARIABLES AUXILIARES
0004   110B           00073                 BCF             INTCON,T0IF
0005   138B           00074                 BCF             INTCON,GIE              
0006   00A4           00075                 MOVWF   AUX_W
0007   3003           00076                 MOVLW   STATUS
0008   00A5           00077                 MOVWF   AUX_STATUS
                      00078 ;MULTIPLEXADO DE DISPLAYS
0009   1985           00079                 BTFSC   CTRL_DISPLAY,PIN_D1
000A   2???           00080                 GOTO    MOSTRAR_D2                      
000B   1905           00081                 BTFSC   CTRL_DISPLAY,PIN_D2
000C   2???           00082                 GOTO    MOSTRAR_D3
000D   1885           00083                 BTFSC   CTRL_DISPLAY,PIN_D3
000E   2???           00084                 GOTO    MOSTRAR_D4
                      00085                 
                      00086                 MOSTRAR D1,PIN_D1
000F   0185               M                 APAGAR_DISPLAYS
0010   0820               M                 MOVF    D1,W
0011   2???               M                 CALL    TAB_DISPLAY
0012   0086               M                 MOVWF   PORTB
0013   1585               M                 BSF             CTRL_DISPLAY,3
0014   2???           00087                 GOTO    FIN_T0I
                      00088 
0015                  00089 MOSTRAR_D2
                      00090                 MOSTRAR D2,PIN_D2
0015   0185               M                 APAGAR_DISPLAYS
0016   0821               M                 MOVF    D2,W
0017   2???               M                 CALL    TAB_DISPLAY
0018   0086               M                 MOVWF   PORTB
0019   1505               M                 BSF             CTRL_DISPLAY,2
001A   2???           00091                 GOTO    FIN_T0I
                      00092 
001B                  00093 MOSTRAR_D3
MPASM  5.31                      TPFINAL2.ASM   11-9-2018  12:37:41         PAGE  3


LOC  OBJECT CODE     LINE SOURCE TEXT
  VALUE

                      00094                 MOSTRAR D3,PIN_D3
001B   0185               M                 APAGAR_DISPLAYS
001C   0822               M                 MOVF    D3,W
001D   2???               M                 CALL    TAB_DISPLAY
001E   0086               M                 MOVWF   PORTB
001F   1485               M                 BSF             CTRL_DISPLAY,1
0020   2???           00095                 GOTO    FIN_T0I
                      00096 
0021                  00097 MOSTRAR_D4
                      00098                 MOSTRAR D4,PIN_D4
0021   0185               M                 APAGAR_DISPLAYS
0022   0823               M                 MOVF    D4,W
0023   2???               M                 CALL    TAB_DISPLAY
0024   0086               M                 MOVWF   PORTB
0025   1405               M                 BSF             CTRL_DISPLAY,0
                      00099                 
0026                  00100 FIN_T0I
                      00101 ;REINICIA TIMER Y RECUPERA STATUS Y W
0026   30C6           00102                 MOVLW   .198
0027   0081           00103                 MOVWF   TMR0
0028   0825           00104                 MOVF    AUX_STATUS,W
0029   0083           00105                 MOVWF   STATUS
002A   0824           00106                 MOVF    AUX_W,W
002B   0009           00107                 RETFIE
                      00108 
                      00109 ;CONFIGURACION
                      00110                 
002C                  00111 CONFI
002C   3007           00112                 MOVLW   0X07
002D   009F           00113                 MOVWF   CMCON; CMCON SE TIENE QUE ESTABLECER EN 7 PARA USAR TODO EL PORTA
002E   30C6           00114                 MOVLW   .198
002F   0081           00115                 MOVWF   TMR0
0030   1683           00116                 BSF             STATUS,RP0
0031   3001           00117                 MOVLW   b'00000001'
Message[302]: Register in operand not in bank 0.  Ensure that bank bits are correct.
0032   0086           00118                 MOVWF   TRISB   
0033   30F0           00119                 MOVLW   b'11110000'
Message[302]: Register in operand not in bank 0.  Ensure that bank bits are correct.
0034   0085           00120                 MOVWF   TRISA
Message[302]: Register in operand not in bank 0.  Ensure that bank bits are correct.
0035   1281           00121                 BCF             OPTION_REG,T0CS
Message[302]: Register in operand not in bank 0.  Ensure that bank bits are correct.
0036   1181           00122                 BCF             OPTION_REG,PSA
Message[302]: Register in operand not in bank 0.  Ensure that bank bits are correct.
0037   1401           00123                 BSF             OPTION_REG,PS0
Message[302]: Register in operand not in bank 0.  Ensure that bank bits are correct.
0038   1481           00124                 BSF             OPTION_REG,PS1
Message[302]: Register in operand not in bank 0.  Ensure that bank bits are correct.
0039   1501           00125                 BSF             OPTION_REG,PS2
003A   178B           00126                 BSF             INTCON,GIE
003B   168B           00127                 BSF             INTCON,T0IE
003C   1283           00128                 BCF             STATUS,RP0
                      00129 
MPASM  5.31                      TPFINAL2.ASM   11-9-2018  12:37:41         PAGE  4


LOC  OBJECT CODE     LINE SOURCE TEXT
  VALUE

                      00130 ;RUTINA PRINCIPAL
                      00131 ;INCREMENTA DE 0 A 9 CADA DIGITO DEPENDIENDO QUE BOT?N SE TOCA. 
                      00132 
003D   0185           00133                 CLRF    PORTA
003E   0186           00134                 CLRF    PORTB
003F   01A0           00135                 CLRF    D1
0040   01A1           00136                 CLRF    D2
0041   01A2           00137                 CLRF    D3
0042   01A3           00138                 CLRF    D4
0043                  00139 BOTONES
0043   1B05           00140                 BTFSC   BTN_G1
0044   2???           00141                 CALL    DEMORA_AR
0045   1B05           00142                 BTFSC   BTN_G1
                      00143                 SUMAR   D2
0046   0AA1               M                 INCF    D2,1
0047   0821               M                 MOVF    D2,W
0048   3A11               M                 XORLW   .17
0049   1903               M                 BTFSC   STATUS,Z
004A   01A1               M                 CLRF    D2
004B   0AA8               M                 INCF    CONTADOR1,1
                          M                 
                      00144                 
                      00145                 
                      00146 
                      00147 
004C   1B85           00148                 BTFSC   BTN_G2
004D   2???           00149                 CALL    DEMORA_AR
004E   1B85           00150                 BTFSC   BTN_G2
                      00151                 RESTA   D2
004F   03A1               M                 DECF    D2,1
0050   0821               M                 MOVF    D2,W
0051   3A11               M                 XORLW   .17
0052   1903               M                 BTFSC   STATUS,Z
0053   01A1               M                 CLRF    D2
0054   03A8               M                 DECF    CONTADOR1,1
                      00152 
                      00153 ;;              BTFSC   BTN_R
                      00154 ;;              CALL    DEMORA_AR
                      00155 ;               BTFSC   BTN_R
                      00156 ;               SUMAR   D2
                      00157 ;;              BTFSC   BTN_M
                      00158 ;               CALL    DEMORA_AR
                      00159 ;               BTFSC   BTN_M
                      00160 ;               SUMAR   D1
0055   2???           00161                 GOTO    BOTONES
                      00162 
                      00163 
0056                  00164 DEMORA_AR
0056   30FF           00165                 MOVLW   .255
0057   00A6           00166                 MOVWF   CONT_AR
0058                  00167 LOOP_AR
0058   30FF           00168                 MOVLW   .255
0059   00A7           00169                 MOVWF   CONT_AR_2
MPASM  5.31                      TPFINAL2.ASM   11-9-2018  12:37:41         PAGE  5


LOC  OBJECT CODE     LINE SOURCE TEXT
  VALUE

005A                  00170 LOOP_AR_2
005A   0BA7           00171                 DECFSZ  CONT_AR_2,1
005B   2???           00172                 GOTO    LOOP_AR_2
005C   0BA6           00173                 DECFSZ  CONT_AR,1
005D   2???           00174                 GOTO    LOOP_AR
005E   0008           00175                 RETURN
                      00176                         
                      00177 ;CONVERSOR A DISPLAY
                      00178 ;RB1->SEG A
                      00179 ;RB2->SEG B 
                      00180 ;RB3->SEG C
                      00181 ;RB4->SEG D
                      00182 ;RB5->SEG E 
                      00183 ;RB6->SEG F
                      00184 ;RB7->SEG G
                      00185 
005F                  00186 TAB_DISPLAY
005F   0782           00187                 ADDWF   PCL,1
                      00188                 ;         GFEDCBA-
0060   347F           00189                 RETLW   b'01111111'     
0061   340D           00190                 RETLW   b'00001101'
0062   34B7           00191                 RETLW   b'10110111'
0063   349F           00192                 RETLW   b'10011111'
0064   34CD           00193                 RETLW   b'11001101'
0065   34DB           00194                 RETLW   b'11011011'
0066   34FB           00195                 RETLW   b'11111011'
0067   340F           00196                 RETLW   b'00001111'
0068   34FF           00197                 RETLW   b'11111111'
0069   34CF           00198                 RETLW   b'11001111'
006A   34EF           00199                 RETLW   b'11101111'
006B   34F8           00200                 RETLW   b'11111000'
006C   3473           00201                 RETLW   b'01110011'
006D   34BD           00202                 RETLW   b'10111101'
006E   34F3           00203                 RETLW   b'11110011'
006F   34E3           00204                 RETLW   b'11100011'
                      00205 
                      00206         
                      00207                 
3F10                  00208                 END
MPASM  5.31                      TPFINAL2.ASM   11-9-2018  12:37:41         PAGE  6


SYMBOL TABLE
  LABEL                             VALUE 

ADEN                              00000003
APAGAR_DISPLAYS                   CLRF    PORTA
AUX_STATUS                        00000025
AUX_W                             00000024
BOTONES                           00000043
BRGH                              00000002
BTN_G1                            PORTA,6
BTN_G2                            PORTA,7
BTN_M                             PORTB,0
BTN_R                             PORTA,4
C                                 00000000
C1INV                             00000004
C1OUT                             00000006
C2INV                             00000005
C2OUT                             00000007
CCP1CON                           00000017
CCP1IE                            00000002
CCP1IF                            00000002
CCP1M0                            00000000
CCP1M1                            00000001
CCP1M2                            00000002
CCP1M3                            00000003
CCP1X                             00000005
CCP1Y                             00000004
CCPR1H                            00000016
CCPR1L                            00000015
CIS                               00000003
CM0                               00000000
CM1                               00000001
CM2                               00000002
CMCON                             0000001F
CMIE                              00000006
CMIF                              00000006
CONFI                             0000002C
CONTADOR1                         00000028
CONT_AR                           00000026
CONT_AR_2                         00000027
CREN                              00000004
CSRC                              00000007
CTRL_DISPLAY                      PORTA
D1                                00000020
D2                                00000021
D3                                00000022
D4                                00000023
DC                                00000001
DEMORA_AR                         00000056
EEADR                             0000009B
EECON1                            0000009C
EECON2                            0000009D
EEDATA                            0000009A
EEIE                              00000007
EEIF                              00000007
F                                 00000001
MPASM  5.31                      TPFINAL2.ASM   11-9-2018  12:37:41         PAGE  7


SYMBOL TABLE
  LABEL                             VALUE 

FERR                              00000002
FIN_T0I                           00000026
FSR                               00000004
GIE                               00000007
INDF                              00000000
INTCON                            0000000B
INTE                              00000004
INTEDG                            00000006
INTF                              00000001
IRP                               00000007
LOOP_AR                           00000058
LOOP_AR_2                         0000005A
MOSTRAR                           
MOSTRAR_D2                        00000015
MOSTRAR_D3                        0000001B
MOSTRAR_D4                        00000021
NOT_BO                            00000000
NOT_BOD                           00000000
NOT_BOR                           00000000
NOT_PD                            00000003
NOT_POR                           00000001
NOT_RBPU                          00000007
NOT_T1SYNC                        00000002
NOT_TO                            00000004
OERR                              00000001
OPTION_REG                        00000081
OSCF                              00000003
PCL                               00000002
PCLATH                            0000000A
PCON                              0000008E
PEIE                              00000006
PIE1                              0000008C
PIN_D1                            3
PIN_D2                            2
PIN_D3                            1
PIN_D4                            0
PIR1                              0000000C
PORTA                             00000005
PORTB                             00000006
PR2                               00000092
PS0                               00000000
PS1                               00000001
PS2                               00000002
PSA                               00000003
RBIE                              00000003
RBIF                              00000000
RCIE                              00000005
RCIF                              00000005
RCREG                             0000001A
RCSTA                             00000018
RD                                00000000
RESTA                             
RP0                               00000005
MPASM  5.31                      TPFINAL2.ASM   11-9-2018  12:37:41         PAGE  8


SYMBOL TABLE
  LABEL                             VALUE 

RP1                               00000006
RX9                               00000006
RX9D                              00000000
SPBRG                             00000099
SPEN                              00000007
SREN                              00000005
STATUS                            00000003
SUMAR                             
SYNC                              00000004
T0CS                              00000005
T0IE                              00000005
T0IF                              00000002
T0SE                              00000004
T1CKPS0                           00000004
T1CKPS1                           00000005
T1CON                             00000010
T1OSCEN                           00000003
T2CKPS0                           00000000
T2CKPS1                           00000001
T2CON                             00000012
TAB_DISPLAY                       0000005F
TMR0                              00000001
TMR1CS                            00000001
TMR1H                             0000000F
TMR1IE                            00000000
TMR1IF                            00000000
TMR1L                             0000000E
TMR1ON                            00000000
TMR2                              00000011
TMR2IE                            00000001
TMR2IF                            00000001
TMR2ON                            00000002
TOUTPS0                           00000003
TOUTPS1                           00000004
TOUTPS2                           00000005
TOUTPS3                           00000006
TRISA                             00000085
TRISB                             00000086
TRMT                              00000001
TX9                               00000006
TX9D                              00000000
TXEN                              00000005
TXIE                              00000004
TXIF                              00000004
TXREG                             00000019
TXSTA                             00000098
VR0                               00000000
VR1                               00000001
VR2                               00000002
VR3                               00000003
VRCON                             0000009F
VREN                              00000007
VROE                              00000006
MPASM  5.31                      TPFINAL2.ASM   11-9-2018  12:37:41         PAGE  9


SYMBOL TABLE
  LABEL                             VALUE 

VRR                               00000005
W                                 00000000
WR                                00000001
WREN                              00000002
WRERR                             00000003
Z                                 00000002
_BODEN_OFF                        00003FBF
_BODEN_ON                         00003FFF
_CP_50                            00002BFF
_CP_75                            000017FF
_CP_ALL                           000003FF
_CP_OFF                           00003FFF
_DATA_CP_OFF                      00003FFF
_DATA_CP_ON                       00003EFF
_ER_OSC_CLKOUT                    00003FFF
_ER_OSC_NOCLKOUT                  00003FFE
_EXTCLK_OSC                       00003FEF
_HS_OSC                           00003FEE
_INTRC_OSC_CLKOUT                 00003FFD
_INTRC_OSC_NOCLKOUT               00003FFC
_LP_OSC                           00003FEC
_LVP_OFF                          00003F7F
_LVP_ON                           00003FFF
_MCLRE_OFF                        00003FDF
_MCLRE_ON                         00003FFF
_PWRTE_OFF                        00003FFF
_PWRTE_ON                         00003FF7
_WDT_OFF                          00003FFB
_WDT_ON                           00003FFF
_XT_OSC                           00003FED
__16F628                          00000001
__DEBUG                           1

Errors   :     0
Warnings :     0 reported,     0 suppressed
Messages :     7 reported,     0 suppressed

